[    0.000000] Initializing cgroup subsys cpuset
[    0.000000] Initializing cgroup subsys cpu
[    0.000000] Initializing cgroup subsys cpuacct
[    0.000000] Linux version 4.4.0-210-generic (buildd@lgw01-amd64-009) (gcc version 5.4.0 20160609 (Ubuntu 5.4.0-6ubuntu1~16.04.12) ) #242-Ubuntu SMP Fri Apr 16 09:57:56 UTC 2021 (Ubuntu 4.4.0-210.242-generic 4.4.262)
[    0.000000] Command line: BOOT_IMAGE=/boot/vmlinuz-4.4.0-210-generic root=LABEL=cloudimg-rootfs ro console=tty1 console=ttyS0
[    0.000000] KERNEL supported cpus:
[    0.000000]   Intel GenuineIntel
[    0.000000]   AMD AuthenticAMD
[    0.000000]   Centaur CentaurHauls
[    0.000000] x86/fpu: Legacy x87 FPU detected.
[    0.000000] e820: BIOS-provided physical RAM map:
[    0.000000] BIOS-e820: [mem 0x0000000000000000-0x000000000009fbff] usable
[    0.000000] BIOS-e820: [mem 0x000000000009fc00-0x000000000009ffff] reserved
[    0.000000] BIOS-e820: [mem 0x00000000000f0000-0x00000000000fffff] reserved
[    0.000000] BIOS-e820: [mem 0x0000000000100000-0x000000003ffeffff] usable
[    0.000000] BIOS-e820: [mem 0x000000003fff0000-0x000000003fffffff] ACPI data
[    0.000000] BIOS-e820: [mem 0x00000000fec00000-0x00000000fec00fff] reserved
[    0.000000] BIOS-e820: [mem 0x00000000fee00000-0x00000000fee00fff] reserved
[    0.000000] BIOS-e820: [mem 0x00000000fffc0000-0x00000000ffffffff] reserved
[    0.000000] NX (Execute Disable) protection: active
[    0.000000] SMBIOS 2.5 present.
[    0.000000] Hypervisor detected: KVM
[    0.000000] Kernel/User page tables isolation: disabled
[    0.000000] e820: last_pfn = 0x3fff0 max_arch_pfn = 0x400000000
[    0.000000] MTRR: Disabled
[    0.000000] x86/PAT: MTRRs disabled, skipping PAT initialization too.
[    0.000000] CPU MTRRs all blank - virtualized system.
[    0.000000] x86/PAT: Configuration [0-7]: WB  WT  UC- UC  WB  WT  UC- UC  
[    0.000000] found SMP MP-table at [mem 0x0009fff0-0x0009ffff] mapped at [ffff88000009fff0]
[    0.000000] Scanning 1 areas for low memory corruption
[    0.000000] RAMDISK: [mem 0x362de000-0x37166fff]
[    0.000000] ACPI: Early table checksum verification disabled
[    0.000000] ACPI: RSDP 0x00000000000E0000 000024 (v02 VBOX  )
[    0.000000] ACPI: XSDT 0x000000003FFF0030 00003C (v01 VBOX   VBOXXSDT 00000001 ASL  00000061)
[    0.000000] ACPI: FACP 0x000000003FFF00F0 0000F4 (v04 VBOX   VBOXFACP 00000001 ASL  00000061)
[    0.000000] ACPI: DSDT 0x000000003FFF0470 002325 (v02 VBOX   VBOXBIOS 00000002 INTL 20100528)
[    0.000000] ACPI: FACS 0x000000003FFF0200 000040
[    0.000000] ACPI: FACS 0x000000003FFF0200 000040
[    0.000000] ACPI: APIC 0x000000003FFF0240 00005C (v02 VBOX   VBOXAPIC 00000001 ASL  00000061)
[    0.000000] ACPI: SSDT 0x000000003FFF02A0 0001CC (v01 VBOX   VBOXCPUT 00000002 INTL 20100528)
[    0.000000] No NUMA configuration found
[    0.000000] Faking a node at [mem 0x0000000000000000-0x000000003ffeffff]
[    0.000000] NODE_DATA(0) allocated [mem 0x3ffeb000-0x3ffeffff]
[    0.000000] kvm-clock: Using msrs 4b564d01 and 4b564d00
[    0.000000] kvm-clock: cpu 0, msr 0:3ffe3001, primary cpu clock
[    0.000000] kvm-clock: using sched offset of 4501760275 cycles
[    0.000000] clocksource: kvm-clock: mask: 0xffffffffffffffff max_cycles: 0x1cd42e4dffb, max_idle_ns: 881590591483 ns
[    0.000000] Zone ranges:
[    0.000000]   DMA      [mem 0x0000000000001000-0x0000000000ffffff]
[    0.000000]   DMA32    [mem 0x0000000001000000-0x000000003ffeffff]
[    0.000000]   Normal   empty
[    0.000000]   Device   empty
[    0.000000] Movable zone start for each node
[    0.000000] Early memory node ranges
[    0.000000]   node   0: [mem 0x0000000000001000-0x000000000009efff]
[    0.000000]   node   0: [mem 0x0000000000100000-0x000000003ffeffff]
[    0.000000] Initmem setup node 0 [mem 0x0000000000001000-0x000000003ffeffff]
[    0.000000] ACPI: PM-Timer IO Port: 0x4008
[    0.000000] IOAPIC[0]: apic_id 2, version 32, address 0xfec00000, GSI 0-23
[    0.000000] ACPI: INT_SRC_OVR (bus 0 bus_irq 0 global_irq 2 dfl dfl)
[    0.000000] ACPI: INT_SRC_OVR (bus 0 bus_irq 9 global_irq 9 low level)
[    0.000000] Using ACPI (MADT) for SMP configuration information
[    0.000000] smpboot: Allowing 2 CPUs, 0 hotplug CPUs
[    0.000000] PM: Registered nosave memory: [mem 0x00000000-0x00000fff]
[    0.000000] PM: Registered nosave memory: [mem 0x0009f000-0x0009ffff]
[    0.000000] PM: Registered nosave memory: [mem 0x000a0000-0x000effff]
[    0.000000] PM: Registered nosave memory: [mem 0x000f0000-0x000fffff]
[    0.000000] e820: [mem 0x40000000-0xfebfffff] available for PCI devices
[    0.000000] Booting paravirtualized kernel on KVM
[    0.000000] clocksource: refined-jiffies: mask: 0xffffffff max_cycles: 0xffffffff, max_idle_ns: 7645519600211568 ns
[    0.000000] setup_percpu: NR_CPUS:512 nr_cpumask_bits:512 nr_cpu_ids:2 nr_node_ids:1
[    0.000000] PERCPU: Embedded 33 pages/cpu @ffff88003fc00000 s95192 r8192 d31784 u1048576
[    0.000000] Built 1 zonelists in Node order, mobility grouping on.  Total pages: 257912
[    0.000000] Policy zone: DMA32
[    0.000000] Kernel command line: BOOT_IMAGE=/boot/vmlinuz-4.4.0-210-generic root=LABEL=cloudimg-rootfs ro console=tty1 console=ttyS0
[    0.000000] PID hash table entries: 4096 (order: 3, 32768 bytes)
[    0.000000] Memory: 997796K/1048120K available (8644K kernel code, 1332K rwdata, 4044K rodata, 1492K init, 1164K bss, 50324K reserved, 0K cma-reserved)
[    0.000000] SLUB: HWalign=64, Order=0-3, MinObjects=0, CPUs=2, Nodes=1
[    0.000000] Hierarchical RCU implementation.
[    0.000000] 	Build-time adjustment of leaf fanout to 64.
[    0.000000] 	RCU restricting CPUs from NR_CPUS=512 to nr_cpu_ids=2.
[    0.000000] RCU: Adjusting geometry for rcu_fanout_leaf=64, nr_cpu_ids=2
[    0.000000] NR_IRQS:33024 nr_irqs:440 16
[    0.000000] Console: colour VGA+ 80x25
[    0.000000] console [tty1] enabled
[    0.000000] console [ttyS0] enabled
[    0.000000] tsc: Detected 1800.006 MHz processor
[    0.737956] Calibrating delay loop (skipped) preset value.. 3600.01 BogoMIPS (lpj=7200024)
[    0.746736] pid_max: default: 32768 minimum: 301
[    0.752222] ACPI: Core revision 20150930
[    0.757512] ACPI: 2 ACPI AML tables successfully acquired and loaded
[    0.765292] Security Framework initialized
[    0.769626] Yama: becoming mindful.
[    0.773947] AppArmor: AppArmor initialized
[    0.778637] Dentry cache hash table entries: 131072 (order: 8, 1048576 bytes)
[    0.794439] Inode-cache hash table entries: 65536 (order: 7, 524288 bytes)
[    0.804677] Mount-cache hash table entries: 2048 (order: 2, 16384 bytes)
[    0.811696] Mountpoint-cache hash table entries: 2048 (order: 2, 16384 bytes)
[    0.821528] Initializing cgroup subsys io
[    0.826869] Initializing cgroup subsys memory
[    0.832345] Initializing cgroup subsys devices
[    0.837351] Initializing cgroup subsys freezer
[    0.841932] Initializing cgroup subsys net_cls
[    0.847400] Initializing cgroup subsys perf_event
[    0.852908] Initializing cgroup subsys net_prio
[    0.857682] Initializing cgroup subsys hugetlb
[    0.862476] Initializing cgroup subsys pids
[    0.868397] mce: CPU supports 0 MCE banks
[    0.873324] Last level iTLB entries: 4KB 64, 2MB 8, 4MB 8
[    0.878787] Last level dTLB entries: 4KB 64, 2MB 0, 4MB 0, 1GB 4
[    0.886184] Spectre V1 : Mitigation: usercopy/swapgs barriers and __user pointer sanitization
[    0.894697] Spectre V2 : Mitigation: Enhanced IBRS
[    0.902098] Spectre V2 : Spectre v2 / SpectreRSB mitigation: Filling RSB on context switch
[    0.911669] Speculative Store Bypass: Vulnerable
[    0.958919] Freeing SMP alternatives memory: 36K
[    1.052666] ftrace: allocating 32380 entries in 127 pages
[    1.746907] smpboot: APIC(0) Converting physical 0 to logical package 0
[    1.754727] smpboot: Max logical packages: 1
[    1.776613] ..TIMER: vector=0x30 apic1=0 pin1=2 apic2=-1 pin2=-1
[    1.893923] smpboot: CPU0: Intel(R) Core(TM) i5-8265U CPU @ 1.60GHz (family: 0x6, model: 0x8e, stepping: 0xc)
[    1.907395] Performance Events: unsupported p6 CPU model 142 no PMU driver, software events only.
[    2.021464] KVM setup paravirtual spinlock
[    2.033806] x86: Booting SMP configuration:
[    2.038793] .... node  #0, CPUs:      #1
[    2.044324] kvm-clock: cpu 1, msr 0:3ffe3041, secondary cpu clock
[    2.051575] mce: CPU supports 0 MCE banks
[    2.056430] TSC synchronization [CPU#0 -> CPU#1]:
[    2.061468] Measured 54790 cycles TSC warp between CPUs, turning off TSC clock.
[    2.069351] tsc: Marking TSC unstable due to check_tsc_sync_source failed
[    0.544474] x86: Booted up 1 node, 2 CPUs
[    0.548011] smpboot: Total of 2 processors activated (7200.02 BogoMIPS)
[    0.557398] devtmpfs: initialized
[    0.566061] evm: security.selinux
[    0.568016] evm: security.SMACK64
[    0.572010] evm: security.SMACK64EXEC
[    0.576004] evm: security.SMACK64TRANSMUTE
[    0.580006] evm: security.SMACK64MMAP
[    0.584006] evm: security.ima
[    0.588008] evm: security.capability
[    0.596147] clocksource: jiffies: mask: 0xffffffff max_cycles: 0xffffffff, max_idle_ns: 7645041785100000 ns
[    0.600025] futex hash table entries: 512 (order: 3, 32768 bytes)
[    0.604458] pinctrl core: initialized pinctrl subsystem
[    0.608477] RTC time: 10:23:52, date: 07/15/21
[    0.616273] NET: Registered protocol family 16
[    0.632018] cpuidle: using governor ladder
[    0.648018] cpuidle: using governor menu
[    0.652143] PCCT header not found.
[    0.656113] ACPI: bus type PCI registered
[    0.660009] acpiphp: ACPI Hot Plug PCI Controller Driver version: 0.5
[    0.664507] PCI: Using configuration type 1 for base access
[    0.688665] ACPI: Added _OSI(Module Device)
[    0.692008] ACPI: Added _OSI(Processor Device)
[    0.696007] ACPI: Added _OSI(3.0 _SCP Extensions)
[    0.700008] ACPI: Added _OSI(Processor Aggregator Device)
[    0.705468] ACPI: Executed 1 blocks of module-level executable AML code
[    0.720117] ACPI: Interpreter enabled
[    0.724024] ACPI: (supports S0 S5)
[    0.728008] ACPI: Using IOAPIC for interrupt routing
[    0.732723] PCI: Using host bridge windows from ACPI; if necessary, use "pci=nocrs" and report a bug
[    0.752050] ACPI: PCI Root Bridge [PCI0] (domain 0000 [bus 00-ff])
[    0.760010] acpi PNP0A03:00: _OSC: OS supports [ASPM ClockPM Segments MSI]
[    0.769349] acpi PNP0A03:00: _OSC: not requesting OS control; OS requires [ExtendedConfig ASPM ClockPM MSI]
[    0.772025] acpi PNP0A03:00: fail to add MMCONFIG information, can't access extended PCI configuration space under this bridge.
[    0.776983] PCI host bridge to bus 0000:00
[    0.780011] pci_bus 0000:00: root bus resource [io  0x0000-0x0cf7 window]
[    0.784015] pci_bus 0000:00: root bus resource [io  0x0d00-0xffff window]
[    0.788009] pci_bus 0000:00: root bus resource [mem 0x000a0000-0x000bffff window]
[    0.792012] pci_bus 0000:00: root bus resource [mem 0x40000000-0xfdffffff window]
[    0.796010] pci_bus 0000:00: root bus resource [bus 00-ff]
[    0.808082] pci 0000:00:01.1: legacy IDE quirk: reg 0x10: [io  0x01f0-0x01f7]
[    0.812012] pci 0000:00:01.1: legacy IDE quirk: reg 0x14: [io  0x03f6]
[    0.816010] pci 0000:00:01.1: legacy IDE quirk: reg 0x18: [io  0x0170-0x0177]
[    0.820009] pci 0000:00:01.1: legacy IDE quirk: reg 0x1c: [io  0x0376]
[    0.897411] pci 0000:00:07.0: quirk: [io  0x4000-0x403f] claimed by PIIX4 ACPI
[    0.924053] pci 0000:00:07.0: quirk: [io  0x4100-0x410f] claimed by PIIX4 SMB
[    0.960911] ACPI: PCI Interrupt Link [LNKA] (IRQs 5 9 10 *11)
[    0.980558] ACPI: PCI Interrupt Link [LNKB] (IRQs 5 9 *10 11)
[    1.036240] ACPI: PCI Interrupt Link [LNKC] (IRQs 5 *9 10 11)
[    1.056289] ACPI: PCI Interrupt Link [LNKD] (IRQs 5 9 10 *11)
[    1.074015] ACPI: Enabled 2 GPEs in block 00 to 07
[    1.084416] vgaarb: setting as boot device: PCI:0000:00:02.0
[    1.088000] vgaarb: device added: PCI:0000:00:02.0,decodes=io+mem,owns=io+mem,locks=none
[    1.112009] vgaarb: loaded
[    1.120006] vgaarb: bridge control possible 0000:00:02.0
[    1.128606] SCSI subsystem initialized
[    1.140185] ACPI: bus type USB registered
[    1.148037] usbcore: registered new interface driver usbfs
[    1.160057] usbcore: registered new interface driver hub
[    1.168072] usbcore: registered new device driver usb
[    1.184203] PCI: Using ACPI for IRQ routing
[    1.192961] NetLabel: Initializing
[    1.200010] NetLabel:  domain hash size = 128
[    1.208006] NetLabel:  protocols = UNLABELED CIPSOv4
[    1.216024] NetLabel:  unlabeled traffic allowed by default
[    1.220139] amd_nb: Cannot enumerate AMD northbridges
[    1.228270] clocksource: Switched to clocksource kvm-clock
[    1.276741] AppArmor: AppArmor Filesystem Enabled
[    1.282584] pnp: PnP ACPI init
[    1.288438] pnp: PnP ACPI: found 3 devices
[    1.301811] clocksource: acpi_pm: mask: 0xffffff max_cycles: 0xffffff, max_idle_ns: 2085701024 ns
[    1.310983] NET: Registered protocol family 2
[    1.317144] TCP established hash table entries: 8192 (order: 4, 65536 bytes)
[    1.324418] TCP bind hash table entries: 8192 (order: 5, 131072 bytes)
[    1.331217] TCP: Hash tables configured (established 8192 bind 8192)
[    1.338195] UDP hash table entries: 512 (order: 2, 16384 bytes)
[    1.343785] UDP-Lite hash table entries: 512 (order: 2, 16384 bytes)
[    1.350971] NET: Registered protocol family 1
[    1.355570] pci 0000:00:00.0: Limiting direct PCI/PCI transfers
[    1.359502] pci 0000:00:01.0: Activating ISA DMA hang workarounds
[    1.359502] Unpacking initramfs...
[    1.897096] Freeing initrd memory: 14884K
[    1.903315] clocksource: tsc: mask: 0xffffffffffffffff max_cycles: 0x19f22f68897, max_idle_ns: 440795282550 ns
[    1.913829] platform rtc_cmos: registered platform RTC device (no PNP device found)
[    1.923087] Scanning for low memory corruption every 60 seconds
[    1.931270] audit: initializing netlink subsys (disabled)
[    1.938795] audit: type=2000 audit(1626344639.120:1): initialized
[    1.946992] Initialise system trusted keyring
[    1.953662] HugeTLB registered 2 MB page size, pre-allocated 0 pages
[    1.964514] zbud: loaded
[    1.970591] VFS: Disk quotas dquot_6.6.0
[    1.976137] VFS: Dquot-cache hash table entries: 512 (order 0, 4096 bytes)
[    1.984046] squashfs: version 4.0 (2009/01/31) Phillip Lougher
[    1.992264] fuse init (API version 7.23)
[    1.998040] Key type big_key registered
[    2.003503] Allocating IMA MOK and blacklist keyrings.
[    2.026366] Key type asymmetric registered
[    2.031371] Asymmetric key parser 'x509' registered
[    2.038503] Block layer SCSI generic (bsg) driver version 0.4 loaded (major 249)
[    2.047031] io scheduler noop registered
[    2.052267] io scheduler deadline registered (default)
[    2.058182] io scheduler cfq registered
[    2.063103] pci_hotplug: PCI Hot Plug PCI Core version: 0.5
[    2.069644] pciehp: PCI Express Hot Plug Controller Driver version: 0.4
[    2.076394] ACPI: AC Adapter [AC] (on-line)
[    2.081090] input: Power Button as /devices/LNXSYSTM:00/LNXPWRBN:00/input/input0
[    2.089720] ACPI: Power Button [PWRF]
[    2.093875] input: Sleep Button as /devices/LNXSYSTM:00/LNXSLPBN:00/input/input1
[    2.102125] ACPI: Sleep Button [SLPF]
[    2.107216] GHES: HEST is not enabled!
[    2.109132] ACPI: Battery Slot [BAT0] (battery present)
[    2.117986] Serial: 8250/16550 driver, 32 ports, IRQ sharing enabled
[    2.152028] 00:02: ttyS0 at I/O 0x3f8 (irq = 4, base_baud = 115200) is a 16550A
[    2.182247] Linux agpgart interface v0.103
[    2.205221] loop: module loaded
[    2.212838] scsi host0: ata_piix
[    2.218368] scsi host1: ata_piix
[    2.222652] ata1: PATA max UDMA/33 cmd 0x1f0 ctl 0x3f6 bmdma 0xd000 irq 14
[    2.226485] ata2: PATA max UDMA/33 cmd 0x170 ctl 0x376 bmdma 0xd008 irq 15
[    2.237214] libphy: Fixed MDIO Bus: probed
[    2.242858] tun: Universal TUN/TAP device driver, 1.6
[    2.248380] tun: (C) 1999-2004 Max Krasnyansky <maxk@qualcomm.com>
[    2.252327] PPP generic driver version 2.4.2
[    2.252327] ehci_hcd: USB 2.0 'Enhanced' Host Controller (EHCI) Driver
[    2.252327] ehci-pci: EHCI PCI platform driver
[    2.252327] ehci-platform: EHCI generic platform driver
[    2.252327] ohci_hcd: USB 1.1 'Open' Host Controller (OHCI) Driver
[    2.252327] ohci-pci: OHCI PCI platform driver
[    2.252327] ohci-platform: OHCI generic platform driver
[    2.252327] uhci_hcd: USB Universal Host Controller Interface driver
[    2.252327] i8042: PNP: PS/2 Controller [PNP0303:PS2K,PNP0f03:PS2M] at 0x60,0x64 irq 1,12
[    2.316190] serio: i8042 KBD port at 0x60,0x64 irq 1
[    2.323144] serio: i8042 AUX port at 0x60,0x64 irq 12
[    2.329896] mousedev: PS/2 mouse device common for all mice
[    2.338367] rtc_cmos rtc_cmos: rtc core: registered rtc_cmos as rtc0
[    2.346946] rtc_cmos rtc_cmos: alarms up to one day, 114 bytes nvram
[    2.355806] i2c /dev entries driver
[    2.360256] input: AT Translated Set 2 keyboard as /devices/platform/i8042/serio0/input/input2
[    2.369152] device-mapper: uevent: version 1.0.3
[    2.375003] device-mapper: ioctl: 4.34.0-ioctl (2015-10-28) initialised: dm-devel@redhat.com
[    2.384461] ledtrig-cpu: registered to indicate activity on CPUs
[    2.394608] NET: Registered protocol family 10
[    2.426441] NET: Registered protocol family 17
[    2.444270] Key type dns_resolver registered
[    2.450190] registered taskstats version 1
[    2.455631] Loading compiled-in X.509 certificates
[    2.463344] Loaded X.509 cert 'Build time autogenerated kernel key: cf00e047681d67edb2720680708b7d9498083038'
[    2.475147] zswap: loaded using pool lzo/zbud
[    2.488954] Key type trusted registered
[    2.503660] Key type encrypted registered
[    2.507857] AppArmor: AppArmor sha1 policy hashing enabled
[    2.513385] ima: No TPM chip found, activating TPM-bypass!
[    2.519801] ima: Allocated hash algorithm: sha1
[    2.524663] evm: HMAC attrs: 0x1
[    2.529763]   Magic number: 13:16:376
[    2.535249] rtc_cmos rtc_cmos: setting system clock to 2021-07-15 10:23:54 UTC (1626344634)
[    2.544405] BIOS EDD facility v0.16 2004-Jun-25, 0 devices found
[    2.551957] EDD information not available.
[    2.559575] Freeing unused kernel memory: 1492K
[    2.584438] Write protecting the kernel read-only data: 14336k
[    2.592258] Freeing unused kernel memory: 1584K
[    2.597355] Freeing unused kernel memory: 52K
Loading, please wait...
starting version 229
[    2.638310] random: systemd-udevd: uninitialized urandom read (16 bytes read, 5 bits of entropy available)
[    2.639220] random: udevadm: uninitialized urandom read (16 bytes read, 5 bits of entropy available)
[    2.639237] random: udevadm: uninitialized urandom read (16 bytes read, 5 bits of entropy available)
[    2.653468] random: udevadm: uninitialized urandom read (16 bytes read, 5 bits of entropy available)
[    2.653504] random: udevadm: uninitialized urandom read (16 bytes read, 5 bits of entropy available)
[    2.653662] random: udevadm: uninitialized urandom read (16 bytes read, 5 bits of entropy available)
[    2.653702] random: udevadm: uninitialized urandom read (16 bytes read, 5 bits of entropy available)
[    2.653739] random: udevadm: uninitialized urandom read (16 bytes read, 5 bits of entropy available)
[    2.653852] random: udevadm: uninitialized urandom read (16 bytes read, 5 bits of entropy available)
[    2.653893] random: udevadm: uninitialized urandom read (16 bytes read, 5 bits of entropy available)
[    2.811792] Fusion MPT base driver 3.04.20
[    2.817499] Copyright (c) 1999-2008 LSI Corporation
[    2.839674] e1000: Intel(R) PRO/1000 Network Driver - version 7.3.21-k8-NAPI
[    2.848319] e1000: Copyright (c) 1999-2006 Intel Corporation.
[    2.871023] Fusion MPT SPI Host driver 3.04.20
[    3.481587] input: ImExPS/2 Generic Explorer Mouse as /devices/platform/i8042/serio1/input/input4
[    3.517625] e1000 0000:00:03.0 eth0: (PCI:33MHz:32-bit) 02:0f:93:65:62:e0
[    3.524768] e1000 0000:00:03.0 eth0: Intel(R) PRO/1000 Network Connection
[    3.535023] mptbase: ioc0: Initiating bringup
[    3.797866] ioc0: LSI53C1030 A0: Capabilities={Initiator}
[    4.018313] scsi host2: ioc0: LSI53C1030 A0, FwRev=00000000h, Ports=1, MaxQ=256, IRQ=20
[    4.849546] scsi 2:0:0:0: Direct-Access     VBOX     HARDDISK         1.0  PQ: 0 ANSI: 5
[    4.858367] scsi target2:0:0: Beginning Domain Validation
[    4.871603] scsi target2:0:0: Domain Validation skipping write tests
[    4.877601] scsi target2:0:0: Ending Domain Validation
[    4.882853] scsi target2:0:0: asynchronous
[    4.892956] scsi 2:0:1:0: Direct-Access     VBOX     HARDDISK         1.0  PQ: 0 ANSI: 5
[    4.900992] scsi target2:0:1: Beginning Domain Validation
[    4.913452] scsi target2:0:1: Domain Validation skipping write tests
[    4.919757] scsi target2:0:1: Ending Domain Validation
[    4.925510] scsi target2:0:1: asynchronous
[    4.950146] sd 2:0:0:0: Attached scsi generic sg0 type 0
[    4.956424] sd 2:0:0:0: [sda] 83886080 512-byte logical blocks: (42.9 GB/40.0 GiB)
[    4.966354] sd 2:0:1:0: [sdb] 20480 512-byte logical blocks: (10.5 MB/10.0 MiB)
[    4.973448] sd 2:0:1:0: Attached scsi generic sg1 type 0
[    4.979920] sd 2:0:1:0: [sdb] Write Protect is off
[    4.985515] sd 2:0:0:0: [sda] Write Protect is off
[    4.995115] sd 2:0:1:0: [sdb] Incomplete mode parameter data
[    5.001501] sd 2:0:1:0: [sdb] Assuming drive cache: write through
[    5.007620] sd 2:0:0:0: [sda] Incomplete mode parameter data
[    5.013305] sd 2:0:0:0: [sda] Assuming drive cache: write through
[    5.026590]  sda: sda1
[    5.033296] sd 2:0:1:0: [sdb] Attached SCSI disk
[    5.040184] sd 2:0:0:0: [sda] Attached SCSI disk
[    5.729356] e1000 0000:00:08.0 eth1: (PCI:33MHz:32-bit) 08:00:27:7b:60:de
[    5.736445] e1000 0000:00:08.0 eth1: Intel(R) PRO/1000 Network Connection
[    5.744551] e1000 0000:00:08.0 enp0s8: renamed from eth1
[    5.766009] e1000 0000:00:03.0 enp0s3: renamed from eth0
Begin: Loading essential drivers ... [    7.586442] md: linear personality registered for level -1
[    7.598998] md: multipath personality registered for level -4
[    7.611223] md: raid0 personality registered for level 0
[    7.635740] md: raid1 personality registered for level 1
[    7.921270] raid6: sse2x1   gen() 31558 MB/s
[    8.922770] raid6: sse2x1   xor() 78661 MB/s
[   10.922971] raid6: sse2x2   gen() 153497 MB/s
[   12.920728] raid6: sse2x2   xor() 111682 MB/s
[   13.007020] raid6: sse2x4   gen()  9665 MB/s
[   13.081607] raid6: sse2x4   xor()  6777 MB/s
[   13.088593] raid6: using algorithm sse2x2 gen() 153497 MB/s
[   13.097045] raid6: .... xor() 111682 MB/s, rmw enabled
[   13.103479] raid6: using ssse3x2 recovery algorithm
[   13.115164] xor: measuring software checksum speed
[   13.160588]    prefetch64-sse: 13425.000 MB/sec
[   13.204606]    generic_sse: 15411.000 MB/sec
[   13.210808] xor: using function: generic_sse (15411.000 MB/sec)
[   13.220458] async_tx: api initialized (async)
[   13.282478] md: raid6 personality registered for level 6
[   13.289388] md: raid5 personality registered for level 5
[   13.297021] md: raid4 personality registered for level 4
[   13.332548] md: raid10 personality registered for level 10
done.
Begin: Running /scripts/init-premount ... done.
Begin: Mounting root file system ... Begin: Running /scripts/local-top ... done.
Begin: Running /scripts/local-premount ... [   13.443676] Btrfs loaded
Scanning for Btrfs filesystems
done.
Warning: fsck not present, so skipping root file system
[   13.534473] EXT4-fs (sda1): mounted filesystem with ordered data mode. Opts: (null)
done.
Begin: Running /scripts/local-bottom ... done.
Begin: Running /scripts/init-bottom ... done.
[   13.825295] systemd[1]: systemd 229 running in system mode. (+PAM +AUDIT +SELINUX +IMA +APPARMOR +SMACK +SYSVINIT +UTMP +LIBCRYPTSETUP +GCRYPT +GNUTLS +ACL +XZ -LZ4 +SECCOMP +BLKID +ELFUTILS +KMOD -IDN)
[   13.846019] systemd[1]: Detected virtualization oracle.
[   13.852016] systemd[1]: Detected architecture x86-64.

Welcome to [1mUbuntu 16.04.7 LTS[0m!

[   13.872796] systemd[1]: Set hostname to <ubuntu>.
[   13.887756] systemd[1]: Initializing machine ID from random generator.
[   13.896629] systemd[1]: Installed transient /etc/machine-id file.
[   14.248614] systemd[1]: Listening on fsck to fsckd communication Socket.
[[0;32m  OK  [0m] Listening on fsck to fsckd communication Socket.
[   14.269482] systemd[1]: Listening on Journal Audit Socket.
[[0;32m  OK  [0m] Listening on Journal Audit Socket.
[   14.288460] systemd[1]: Listening on udev Control Socket.
[[0;32m  OK  [0m] Listening on udev Control Socket.
[   14.307769] systemd[1]: Started Forward Password Requests to Wall Directory Watch.
[[0;32m  OK  [0m] Started Forward Password Requests to Wall Directory Watch.
[   14.328681] systemd[1]: Listening on Journal Socket (/dev/log).
[[0;32m  OK  [0m] Listening on Journal Socket (/dev/log).
[   14.345914] systemd[1]: Listening on Device-mapper event daemon FIFOs.
[[0;32m  OK  [0m] Listening on Device-mapper event daemon FIFOs.
[   14.365974] systemd[1]: Reached target Swap.
[[0;32m  OK  [0m] Reached target Swap.
[   14.381033] systemd[1]: Listening on LVM2 metadata daemon socket.
[[0;32m  OK  [0m] Listening on LVM2 metadata daemon socket.
[   14.400124] systemd[1]: Created slice System Slice.
[[0;32m  OK  [0m] Created slice System Slice.
[   14.415774] systemd[1]: Listening on LVM2 poll daemon socket.
[[0;32m  OK  [0m] Listening on LVM2 poll daemon socket.
[   14.489853] systemd[1]: Created slice system-serial\x2dgetty.slice.
[[0;32m  OK  [0m] Created slice system-serial\x2dgetty.slice.
[   14.526210] systemd[1]: Listening on Journal Socket.
[[0;32m  OK  [0m] Listening on Journal Socket.
[   14.578233] systemd[1]: Starting Uncomplicated firewall...
         Starting Uncomplicated firewall...
[   14.616702] systemd[1]: Mounting Debug File System...
         Mounting Debug File System...
[   14.665598] systemd[1]: Starting File System Check on Root Device...
         Starting File System Check on Root Device...
[   14.717441] systemd[1]: Mounting Huge Pages File System...
         Mounting Huge Pages File System...
[   14.757643] systemd[1]: Starting Set console keymap...
         Starting Set console keymap...
[   14.777444] systemd[1]: Starting Create list of required static device nodes for the current kernel...
         Starting Create list of required st... nodes for the current kernel...
[   14.805206] systemd[1]: Starting Load Kernel Modules...
         Starting Load Kernel Modules...
[   14.825828] systemd[1]: Listening on /dev/initctl Compatibility Named Pipe.
[[0;32m  OK  [0m] Listening on /dev/initctl Compatibility Named Pipe.
[   14.844789] systemd[1]: Created slice User and Session Slice.
[   14.852285] Loading iSCSI transport class v2.0-870.
[[0;32m  OK  [0m] Created slice User and Session Slice.
[   14.862499] systemd[1]: Reached target Slices.
[[0;32m  OK  [0m] Reached target Slices.
[   14.877500] systemd[1]: Listening on Syslog Socket.
[[0;32m  OK  [0m] Listening on Syslog Socket.
[   14.896035] iscsi: registered transport (tcp)
[   14.916887] systemd[1]: Starting Journal Service...
         Starting Journal Service...
[   14.939497] systemd[1]: Started Trigger resolvconf update for networkd DNS.
[[0;32m  OK  [0m] Started Trigger resolvconf update for networkd DNS.
[   14.956636] systemd[1]: Reached target User and Group Name Lookups.
[[0;32m  OK  [0m] Reached target User and Group Name Lookups.
[   14.993500] random: nonblocking pool is initialized
[   15.001229] systemd[1]: Mounting POSIX Message Queue File System...
         Mounting POSIX Message Queue File System...
[   15.026654] systemd[1]: Listening on udev Kernel Socket.
[[0;32m  OK  [0m] Listening on udev Kernel Socket.
[   15.043328] systemd[1]: Set up automount Arbitrary Executable File Formats File System Automount Point.
[[0;32m  OK  [0m] Set up automount Arbitrary Executab...ats File System Automount Point.
[   15.071875] iscsi: registered transport (iser)
[   15.091376] systemd[1]: Starting Monitoring of LVM2 mirrors, snapshots etc. using dmeventd or progress polling...
         Starting Monitoring of LVM2 mirrors... dmeventd or progress polling...
[   15.110356] systemd[1]: Starting Nameserver information manager...
         Starting Nameserver information manager...
[   15.123229] systemd[1]: Reached target System Time Synchronized.
[[0;32m  OK  [0m] Reached target System Time Synchronized.
[   15.137316] systemd[1]: Reached target Encrypted Volumes.
[[0;32m  OK  [0m] Reached target Encrypted Volumes.
[   15.165688] systemd[1]: Mounted Huge Pages File System.
[[0;32m  OK  [0m] Mounted Huge Pages File System.
[   15.176813] systemd[1]: Mounted Debug File System.
[[0;32m  OK  [0m] Mounted Debug File System.
[   15.186834] systemd[1]: Mounted POSIX Message Queue File System.
[[0;32m  OK  [0m] Mounted POSIX Message Queue File System.
[   15.199808] systemd[1]: Started Journal Service.
[[0;32m  OK  [0m] Started Journal Service.
[[0;32m  OK  [0m] Started Uncomplicated firewall.
[[0;32m  OK  [0m] Started File System Check on Root Device.
[[0;32m  OK  [0m] Started Set console keymap.
[[0;32m  OK  [0m] Started Create list of required sta...ce nodes for the current kernel.
[[0;32m  OK  [0m] Started Load Kernel Modules.
[[0;32m  OK  [0m] Started LVM2 metadata daemon.
[[0;32m  OK  [0m] Started File System Check Daemon to report status.
         Starting Apply Kernel Variables...
         Mounting FUSE Control File System...
         Starting Create Static Device Nodes in /dev...
         Starting Remount Root and Kernel File Systems...
[   15.314659] EXT4-fs (sda1): re-mounted. Opts: (null)
[[0;32m  OK  [0m] Mounted FUSE Control File System.
[[0;32m  OK  [0m] Started Nameserver information manager.
[[0;32m  OK  [0m] Started Apply Kernel Variables.
[[0;32m  OK  [0m] Started Create Static Device Nodes in /dev.
[[0;32m  OK  [0m] Started Remount Root and Kernel File Systems.
         Starting udev Coldplug all Devices...
         Starting Flush Journal to Persistent Storage...
         Starting Load/Save Random Seed...
         Starting udev Kernel Device Manager...
[[0;32m  OK  [0m] Started Load/Save Random Seed.
[[0;32m  OK  [0m] Started Flush Journal to Persistent Storage.
[[0;32m  OK  [0m] Started udev Coldplug all Devices.
[[0;32m  OK  [0m] Started udev Kernel Device Manager.
[[0;32m  OK  [0m] Started Dispatch Password Requests to Console Directory Watch.
[[0;32m  OK  [0m] Started Monitoring of LVM2 mirrors,...ng dmeventd or progress polling.
[[0;32m  OK  [0m] Reached target Local File Systems (Pre).
[[0;32m  OK  [0m] Reached target Local File Systems.
         Starting Tell Plymouth To Write Out Runtime Data...
         Starting Initial cloud-init job (pre-networking)...
         Starting LSB: AppArmor initialization...
         Starting Commit a transient machine-id on disk...
         Starting Set console font and keymap...
         Starting Create Volatile Files and Directories...
[[0;32m  OK  [0m] Started Tell Plymouth To Write Out Runtime Data.
[[0;32m  OK  [0m] Started Commit a transient machine-id on disk.
[[0;32m  OK  [0m] Started Create Volatile Files and Directories.
         Starting Update UTMP about System Boot/Shutdown...
[[0;32m  OK  [0m] Started Update UTMP about System Boot/Shutdown.
[[0;32m  OK  [0m] Found device /dev/ttyS0.
[[0;32m  OK  [0m] Listening on Load/Save RF Kill Switch Status /dev/rfkill Watch.
[[0;32m  OK  [0m] Started LSB: AppArmor initialization.
[   19.118595] cloud-init[483]: Cloud-init v. 21.1-19-gbad84ad4-0ubuntu1~16.04.2 running 'init-local' at Thu, 15 Jul 2021 10:24:10 +0000. Up 18.34 seconds.
         Starting Load AppArmor profiles managed internally by snapd...
[[0;32m  OK  [0m] Started Load AppArmor profiles managed internally by snapd.
[[0;32m  OK  [0m] Started Initial cloud-init job (pre-networking).
[[0;32m  OK  [0m] Reached target Network (Pre).
         Starting Raise network interfaces...
[[0;32m  OK  [0m] Started Set console font and keymap.
[[0;32m  OK  [0m] Created slice system-getty.slice.
[[0;32m  OK  [0m] Started Raise network interfaces.
[[0;32m  OK  [0m] Reached target Network.
         Starting Initial cloud-init job (metadata service crawler)...
[   22.341734] cloud-init[951]: Cloud-init v. 21.1-19-gbad84ad4-0ubuntu1~16.04.2 running 'init' at Thu, 15 Jul 2021 10:24:13 +0000. Up 21.32 seconds.
[   22.349067] cloud-init[951]: ci-info: ++++++++++++++++++++++++++++++++++++++Net device info++++++++++++++++++++++++++++++++++++++
[   22.355270] cloud-init[951]: ci-info: +--------+-------+---------------------------+---------------+--------+-------------------+
[   22.361144] cloud-init[951]: ci-info: | Device |   Up  |          Address          |      Mask     | Scope  |     Hw-Address    |
[   22.367836] cloud-init[951]: ci-info: +--------+-------+---------------------------+---------------+--------+-------------------+
[   22.374477] cloud-init[951]: ci-info: | enp0s3 |  True |         10.0.2.15         | 255.255.255.0 | global | 02:0f:93:65:62:e0 |
[   22.381460] cloud-init[951]: ci-info: | enp0s3 |  True | fe80::f:93ff:fe65:62e0/64 |       .       |  link  | 02:0f:93:65:62:e0 |
[   22.388098] cloud-init[951]: ci-info: | enp0s8 | False |             .             |       .       |   .    | 08:00:27:7b:60:de |
[   22.394300] cloud-init[951]: ci-info: |   lo   |  True |         127.0.0.1         |   255.0.0.0   |  host  |         .         |
[   22.401203] cloud-init[951]: ci-info: |   lo   |  True |          ::1/128          |       .       |  host  |         .         |
[   22.407260] cloud-init[951]: ci-info: +--------+-------+---------------------------+---------------+--------+-------------------+
[   22.414095] cloud-init[951]: ci-info: +++++++++++++++++++++++++++Route IPv4 info++++++++++++++++++++++++++++
[   22.421407] cloud-init[951]: ci-info: +-------+-------------+----------+---------------+-----------+-------+
[   22.426493] cloud-init[951]: ci-info: | Route | Destination | Gateway  |    Genmask    | Interface | Flags |
[   22.433351] cloud-init[951]: ci-info: +-------+-------------+----------+---------------+-----------+-------+
[   22.440018] cloud-init[951]: ci-info: |   0   |   0.0.0.0   | 10.0.2.2 |    0.0.0.0    |   enp0s3  |   UG  |
[   22.445229] cloud-init[951]: ci-info: |   1   |   10.0.2.0  | 0.0.0.0  | 255.255.255.0 |   enp0s3  |   U   |
[   22.452646] cloud-init[951]: ci-info: +-------+-------------+----------+---------------+-----------+-------+
[   22.458020] cloud-init[951]: ci-info: +++++++++++++++++++Route IPv6 info+++++++++++++++++++
[   22.464455] cloud-init[951]: ci-info: +-------+-------------+---------+-----------+-------+
[   22.470470] cloud-init[951]: ci-info: | Route | Destination | Gateway | Interface | Flags |
[   22.475200] cloud-init[951]: ci-info: +-------+-------------+---------+-----------+-------+
[   22.480110] cloud-init[951]: ci-info: |   0   |  fe80::/64  |    ::   |   enp0s3  |   U   |
[   22.485520] cloud-init[951]: ci-info: |   3   |   ff00::/8  |    ::   |   enp0s3  |   U   |
[   22.490298] cloud-init[951]: ci-info: +-------+-------------+---------+-----------+-------+
[   22.494927] cloud-init[951]: Generating public/private rsa key pair.
[   22.500705] cloud-init[951]: Your identification has been saved in /etc/ssh/ssh_host_rsa_key.
[   22.506837] cloud-init[951]: Your public key has been saved in /etc/ssh/ssh_host_rsa_key.pub.
[   22.512076] cloud-init[951]: The key fingerprint is:
[   22.517013] cloud-init[951]: SHA256:RjSfnazsBbSOFWnAn7IkKYIo5QcSDQlcB2bcAubj0NI root@ubuntu-xenial
[   22.522419] cloud-init[951]: The key's randomart image is:
[   22.526831] cloud-init[951]: +---[RSA 2048]----+
[   22.532219] cloud-init[951]: |*B+=o. .+.o.     |
[   22.537326] cloud-init[951]: |=+*o.. ..+o* .   |
[   22.540981] cloud-init[951]: |+BE..  ..o*.+    |
[   22.545216] cloud-init[951]: |*.+ o o.o=oo     |
[   22.549618] cloud-init[951]: |.. o . oSo+ .    |
[   22.551479] cloud-init[951]: |       ... .     |
[   22.551819] cloud-init[951]: |          .      |
[   22.552877] cloud-init[951]: |                 |
[   22.553188] cloud-init[951]: |                 |
[   22.553581] cloud-init[951]: +----[SHA256]-----+
[   22.553966] cloud-init[951]: Generating public/private dsa key pair.
[   22.554346] cloud-init[951]: Your identification has been saved in /etc/ssh/ssh_host_dsa_key.
[   22.554697] cloud-init[951]: Your public key has been saved in /etc/ssh/ssh_host_dsa_key.pub.
[   22.555066] cloud-init[951]: The key fingerprint is:
[   22.555418] cloud-init[951]: SHA256:zdSQMUWjeJI9vKCRg1q0ZCSo1kzr05yl6Tjyu5UZ63g root@ubuntu-xenial
[   22.555796] cloud-init[951]: The key's randomart image is:
[   22.556577] cloud-init[951]: +---[DSA 1024]----+
[   22.556979] cloud-init[951]: | ...=     +=+    |
[   22.557321] cloud-init[951]: |.  * o . =.= .   |
[   22.557678] cloud-init[951]: |. + = + = B .    |
[   22.558073] cloud-init[951]: |.. *   = B o     |
[   22.558424] cloud-init[951]: |. o o.* S +      |
[   22.559212] cloud-init[951]: |   o *=          |
[   22.559615] cloud-init[951]: |    +=           |
[   22.560039] cloud-init[951]: | . o+E           |
[   22.560513] cloud-init[951]: |  o==.           |
[   22.560910] cloud-init[951]: +----[SHA256]-----+
[   22.561212] cloud-init[951]: Generating public/private ecdsa key pair.
[   22.561528] cloud-init[951]: Your identification has been saved in /etc/ssh/ssh_host_ecdsa_key.
[   22.562075] cloud-init[951]: Your public key has been saved in /etc/ssh/ssh_host_ecdsa_key.pub.
[   22.562483] cloud-init[951]: The key fingerprint is:
[   22.562943] cloud-init[951]: SHA256:+B5OapesiqQqZbg3ayjjSAcoLM3PEZvfgtixT4B1OoU root@ubuntu-xenial
[   22.563677] cloud-init[951]: The key's randomart image is:
[   22.564434] cloud-init[951]: +---[ECDSA 256]---+
[   22.564695] cloud-init[951]: |                 |
[   22.565221] cloud-init[951]: |     .           |
[   22.565804] cloud-init[951]: |    E o          |
[   22.566235] cloud-init[951]: |oo o B .         |
[   22.566754] cloud-init[951]: |+++ O . S        |
[   22.567220] cloud-init[951]: |+ += O o         |
[   22.568014] cloud-init[951]: | *o.* +.=.       |
[   22.568960] cloud-init[951]: |Oo=. o.*+.       |
[   22.569270] cloud-init[951]: |O=oo.o+oo        |
[   22.569817] cloud-init[951]: +----[SHA256]-----+
[   22.570066] cloud-init[951]: Generating public/private ed25519 key pair.
[   22.570452] cloud-init[951]: Your identification has been saved in /etc/ssh/ssh_host_ed25519_key.
[   22.570773] cloud-init[951]: Your public key has been saved in /etc/ssh/ssh_host_ed25519_key.pub.
[   22.571113] cloud-init[951]: The key fingerprint is:
[   22.571483] cloud-init[951]: SHA256:1APguyJN2T+YSTWiSiabC5IqBTzJPP/v3LXpY9KCWq4 root@ubuntu-xenial
[   22.571930] cloud-init[951]: The key's randomart image is:
[   22.572915] cloud-init[951]: +--[ED25519 256]--+
[   22.573234] cloud-init[951]: |      ...        |
[   22.573582] cloud-init[951]: |     .   o       |
[   22.573741] cloud-init[951]: |+ .   o + o      |
[   22.574314] cloud-init[951]: |.B   + = . .     |
[   22.574580] cloud-init[951]: |..* + + S        |
[   22.574910] cloud-init[951]: | B.= . *         |
[   22.575259] cloud-init[951]: |*.o + =.+ ..     |
[   22.575610] cloud-init[951]: |=. . o+..+.+o    |
[   22.575954] cloud-init[951]: |+    E== .=+.    |
[   22.576801] cloud-init[951]: +----[SHA256]-----+
[[0;32m  OK  [0m] Started Initial cloud-init job (metadata service crawler).
[[0;32m  OK  [0m] Reached target System Initialization.
[[0;32m  OK  [0m] Listening on ACPID Listen Socket.
[[0;32m  OK  [0m] Listening on UUID daemon activation socket.
[[0;32m  OK  [0m] Listening on D-Bus System Message Bus Socket.
[[0;32m  OK  [0m] Started Daily apt download activities.
[[0;32m  OK  [0m] Started Daily apt upgrade and clean activities.
         Starting LXD - unix socket.
[[0;32m  OK  [0m] Started ACPI Events Check.
[[0;32m  OK  [0m] Reached target Paths.
         Starting Socket activation for snappy daemon.
[[0;32m  OK  [0m] Started Ubuntu Advantage update messaging.
[[0;32m  OK  [0m] Started Daily Cleanup of Temporary Directories.
[[0;32m  OK  [0m] Started Message of the Day.
[[0;32m  OK  [0m] Reached target Timers.
[[0;32m  OK  [0m] Reached target Cloud-config availability.
[[0;32m  OK  [0m] Reached target Network is Online.
         Starting iSCSI initiator daemon (iscsid)...
[[0;32m  OK  [0m] Listening on LXD - unix socket.
[[0;32m  OK  [0m] Listening on Socket activation for snappy daemon.
[[0;32m  OK  [0m] Reached target Sockets.
[[0;32m  OK  [0m] Reached target Basic System.
[[0;32m  OK  [0m] Started Regular background program processing daemon.
         Starting /etc/rc.local Compatibility...
         Starting Accounts Service...
         Starting LSB: MD monitoring daemon...
[[0;32m  OK  [0m] Started Deferred execution scheduler.
         Starting LSB: Record successful boot for GRUB...
         Starting Login Service...
         Starting Virtualbox guest utils...
[[0;32m  OK  [0m] Started FUSE filesystem for LXC.
         Starting Pollinate to seed the pseudo random number generator...
[[0;32m  OK  [0m] Started D-Bus System Message Bus.
         Starting System Logging Service...
         Starting Snap Daemon...
[[0;32m  OK  [0m] Started ACPI event daemon.
         Starting LXD - container startup/shutdown...
[[0;32m  OK  [0m] Started iSCSI initiator daemon (iscsid).
[[0;32m  OK  [0m] Started /etc/rc.local Compatibility.
[[0;32m  OK  [0m] Started System Logging Service.
         Starting Authenticate and Authorize Users to Run Privileged Tasks...
         Starting Login to default iSCSI targets...
[[0;32m  OK  [0m] Started Login Service.
[[0;32m  OK  [0m] Started Unattended Upgrades Shutdown.
[[0;32m  OK  [0m] Started LSB: Record successful boot for GRUB.
[[0;32m  OK  [0m] Started LSB: MD monitoring daemon.
[[0;32m  OK  [0m] Started Authenticate and Authorize Users to Run Privileged Tasks.
[[0;32m  OK  [0m] Started Accounts Service.
[[0;32m  OK  [0m] Started Login to default iSCSI targets.
[[0;32m  OK  [0m] Reached target Remote File Systems (Pre).
[[0;32m  OK  [0m] Reached target Remote File Systems.
         Starting Permit User Sessions...
         Starting LSB: Set the CPU Frequency Scaling governor to "ondemand"...
         Starting LSB: daemon to balance interrupts for SMP systems...
         Starting LSB: automatic crash report generation...
[[0;32m  OK  [0m] Started LXD - container startup/shutdown.
[[0;32m  OK  [0m] Started Permit User Sessions.
         Starting Terminate Plymouth Boot Screen...
         Starting Hold until boot process finishes up...
[[0;32m  OK  [0m] Started Hold until boot process finishes up.
[[0;32m  OK  [0m] Started Terminate Plymouth Boot Screen.
         Starting Set console scheme...
[[0;32m  OK  [0m] Started Serial Getty on ttyS0.
[[0;32m  OK  [0m] Started Getty on tty1.
[[0;32m  OK  [0m] Reached target Login Prompts.
[[0;32m  OK  [0m] Started Virtualbox guest utils.
[[0;32m  OK  [0m] Started LSB: Set the CPU Frequency Scaling governor to "ondemand".
[[0;32m  OK  [0m] Started LSB: automatic crash report generation.
[[0;32m  OK  [0m] Started Set console scheme.
[[0;32m  OK  [0m] Started Pollinate to seed the pseudo random number generator.
         Starting OpenBSD Secure Shell server...
[[0;32m  OK  [0m] Started LSB: daemon to balance interrupts for SMP systems.
[[0;32m  OK  [0m] Started OpenBSD Secure Shell server.
[[0;32m  OK  [0m] Started Snap Daemon.
         Starting Wait until snapd is fully seeded...
[[0;32m  OK  [0m] Created slice User Slice of vagrant.
         Starting User Manager for UID 1000...
[[0;32m  OK  [0m] Started Session 1 of user vagrant.
[[0;32m  OK  [0m] Started User Manager for UID 1000.
[[0;32m  OK  [0m] Started Wait until snapd is fully seeded.
         Starting Apply the settings specified in cloud-config...
[[0;32m  OK  [0m] Reached target Multi-User System.
[[0;32m  OK  [0m] Reached target Graphical Interface.
         Starting Update UTMP about System Runlevel Changes...
[[0;32m  OK  [0m] Started Update UTMP about System Runlevel Changes.
[   27.599601] cloud-init[1347]: Generating locales (this might take a while)...
[   30.271306] cloud-init[1347]:   en_US.UTF-8... done
[   30.275076] cloud-init[1347]: Generation complete.

Ubuntu 16.04.7 LTS ubuntu-xenial ttyS0

ubuntu-xenial login: [   31.166885] cloud-init[1347]: Cloud-init v. 21.1-19-gbad84ad4-0ubuntu1~16.04.2 running 'modules:config' at Thu, 15 Jul 2021 10:24:19 +0000. Up 27.20 seconds.
ci-info: no authorized SSH keys fingerprints found for user ubuntu.
<14>Jul 15 10:24:24 ec2: 
<14>Jul 15 10:24:24 ec2: #############################################################
<14>Jul 15 10:24:24 ec2: -----BEGIN SSH HOST KEY FINGERPRINTS-----
<14>Jul 15 10:24:24 ec2: 1024 SHA256:zdSQMUWjeJI9vKCRg1q0ZCSo1kzr05yl6Tjyu5UZ63g root@ubuntu-xenial (DSA)
<14>Jul 15 10:24:24 ec2: 256 SHA256:+B5OapesiqQqZbg3ayjjSAcoLM3PEZvfgtixT4B1OoU root@ubuntu-xenial (ECDSA)
<14>Jul 15 10:24:24 ec2: 256 SHA256:1APguyJN2T+YSTWiSiabC5IqBTzJPP/v3LXpY9KCWq4 root@ubuntu-xenial (ED25519)
<14>Jul 15 10:24:24 ec2: 2048 SHA256:RjSfnazsBbSOFWnAn7IkKYIo5QcSDQlcB2bcAubj0NI root@ubuntu-xenial (RSA)
<14>Jul 15 10:24:24 ec2: -----END SSH HOST KEY FINGERPRINTS-----
<14>Jul 15 10:24:24 ec2: #############################################################
-----BEGIN SSH HOST KEY KEYS-----
ecdsa-sha2-nistp256 AAAAE2VjZHNhLXNoYTItbmlzdHAyNTYAAAAIbmlzdHAyNTYAAABBBFvQCJx/ipxgySHG1V/tja29o28YmY1/fFEwN9NFUavCRvjiM7TRgdtpBFc8jqRqtS5Hx1ewStUCNcVwSHmgm5U= root@ubuntu-xenial
ssh-ed25519 AAAAC3NzaC1lZDI1NTE5AAAAIOmWRuu76/KYf6vSKtL7hsTCfTW2Tf6nPLkTFB/g5WZ0 root@ubuntu-xenial
ssh-rsa AAAAB3NzaC1yc2EAAAADAQABAAABAQDGvOCVqW8rQ18fgV8AUMQ1xCxkpddqn0emHvO9nZUsN4YL0G3q3YeCefRK9LVVEOJEMwD43fWuvqCuDkMhQ8sxUeD3YFxvug5RWM+ehzn91WfuK06LLTzXqGetdqmvFz/KAyNVmU3ypG+hlckEhWQ/FdB99TshaYp1/0/4k5ABBa6FCMY1BbalNCDyeZk5t1RVsIMvZQ6wFwsYLb77fzvTEBsaiDAFS2YdmiUxdbsU/xaJhMm3TPjgE6CskvKYZ8XC1WHHQQHLqHngZRi0X/mYnLYbdyXMDwWZl97BJeO0WSUOEslBYmq1iokFi5e9tkWUlMojdy5ja+daRQX1YNvH root@ubuntu-xenial
-----END SSH HOST KEY KEYS-----
[   32.231561] cloud-init[1540]: Cloud-init v. 21.1-19-gbad84ad4-0ubuntu1~16.04.2 running 'modules:final' at Thu, 15 Jul 2021 10:24:23 +0000. Up 31.85 seconds.
[   32.232223] cloud-init[1540]: ci-info: no authorized SSH keys fingerprints found for user ubuntu.
[   32.232432] cloud-init[1540]: Cloud-init v. 21.1-19-gbad84ad4-0ubuntu1~16.04.2 finished at Thu, 15 Jul 2021 10:24:24 +0000. Datasource DataSourceNoCloud [seed=/dev/sdb][dsmode=net].  Up 32.21 seconds
